         w __deregister_frame_info
         w __register_frame_info
         w __syscall_lock_close_recursive
         w userAppExit
         w userAppInit
00000000 00000802 B __ctru_dev_utf16_buf
00000000 b _TLS_MODULE_BASE_
00000000 a shift
00000000 a shift
00000804 00000401 B __ctru_dev_path_buf
00100000 A __start__
00100000 T _start
00100008 T __service_ptr
0010000c T __apt_appid
00100010 T __heap_size
00100014 T __linear_heap_size
00100018 T __system_arglist
0010001c T __system_runflags
00100020 t startup
00100058 t ClearMem
0010006c t ClrLoop
00100094 T _init
001000ac T __aeabi_idiv
001000ac 00000220 T __divsi3
001000b4 t .divsi3_skip_div0_test
001002cc 00000020 T __aeabi_idivmod
001002ec 00000004 W __aeabi_idiv0
001002ec 00000004 W __aeabi_ldiv0
001002f0 T __aeabi_uldivmod
00100348 00000390 T strcmp
001006d0 t .udivsi3_skip_div0_test
001006d0 T __aeabi_uidiv
001006d0 000001ec T __udivsi3
001008bc 00000020 T __aeabi_uidivmod
001008dc T __aeabi_drsub
001008e4 000002b0 T __aeabi_dsub
001008e4 000002b0 T __subdf3
001008e8 000002ac T __adddf3
001008e8 000002ac T __aeabi_dadd
00100b94 00000024 T __aeabi_ui2d
00100b94 00000024 T __floatunsidf
00100bb8 00000028 T __aeabi_i2d
00100bb8 00000028 T __floatsidf
00100be0 00000048 T __aeabi_f2d
00100be0 00000048 T __extendsfdf2
00100c28 00000074 T __aeabi_ul2d
00100c28 00000074 T __floatundidf
00100c3c 00000060 T __aeabi_l2d
00100c3c 00000060 T __floatdidf
00100c9c t __do_global_dtors_aux
00100cdc t frame_dummy
00100d08 000000fc T pixel(int, int, int)
00100e08 00000178 T movePlayer()
00100f80 0000005c T clearBackground()
00100fdc 000000a0 T clipBehindPlayer(int*, int*, int*, int, int, int)
00101080 000003a8 T drawWall(int, int, int, int, int, int, int, int)
00101428 0000057c T draw3D()
001019a8 00000158 T init()
00101b00 000000a8 T main
00101ba8 000001e8 t parseColor
00101d90 000001ac T consoleDrawChar
00101f3c 00000124 T consolePrintChar
00102060 00000b94 T con_write
00102bf4 000000fc t newRow
00102cf0 00000168 T consoleInit
00102e58 000000d0 t gfxPresentFramebuffer
00102f28 0000001c T gfxIsWide
00102f44 000000ec T gfxSetScreenFormat
00103030 00000010 T gfxSetDoubleBuffering
00103040 000000e0 T gfxInit
00103120 00000010 T gfxInitDefault
00103130 000000b4 T gfxExit
001031e4 000000a0 T gfxGetFramebuffer
00103284 00000104 T gfxFlushBuffers
00103388 00000050 T gfxSwapBuffers
001033d8 00000050 T gfxSwapBuffersGpu
00103428 00000c58 t gspHardwareInit
00104080 00000248 T gspInit
001042c8 000000f0 T gspExit
001043b8 00000010 T gspHasGpuRight
001043c8 000000a0 T gspPresentBuffer
00104468 00000044 T gspWaitForEvent
001044ac 00000004 W gxCmdQueueInterrupt
001044b0 00000158 t gspEventThreadMain
00104608 00000050 T GSPGPU_FlushDataCache
00104658 00000034 T GSPGPU_SetLcdForceBlack
0010468c 00000068 T GSPGPU_AcquireRight
001046f4 0000002c T GSPGPU_RestoreVramSysArea
00104720 00000024 W hidShouldUseIrrst
00104744 0000018c T hidInit
001048d0 000000e8 T hidExit
001049b8 000002a4 T hidScanInput
00104c5c 00000010 T hidKeysHeld
00104c6c 00000010 T hidKeysDown
00104c7c 00000010 T hidKeysUp
00104c8c 00000170 W __system_initArgv
00104dfc T svcControlMemory
00104e1c T svcQueryMemory
00104e4c T svcExitProcess
00104e54 T svcCreateThread
00104e74 T svcExitThread
00104e7c T svcSleepThread
00104e84 T svcReleaseMutex
00104e8c T svcCreateEvent
00104ea0 T svcSignalEvent
00104ea8 T svcClearEvent
00104eb0 T svcMapMemoryBlock
00104eb8 T svcUnmapMemoryBlock
00104ec0 T svcCreateAddressArbiter
00104ed4 T svcArbitrateAddressNoTimeout
00104edc T svcCloseHandle
00104ee4 T svcWaitSynchronization
00104eec T svcWaitSynchronizationN
00104f14 T svcDuplicateHandle
00104f28 T svcConnectToPort
00104f3c T svcSendSyncRequest
00104f44 T svcGetResourceLimit
00104f58 T svcGetResourceLimitLimitValues
00104f60 T svcGetResourceLimitCurrentValues
00104f68 T svcBreak
00104f70 W initSystem
00104fc0 W __ctru_exit
00104fd8 00000024 t addrMapNodeComparator(rbtree_node const*, rbtree_node const*)
00104ffc 00000004 t addrMapNodeDestructor(rbtree_node*)
00105000 00000250 T vramMemAlignAt
00105250 0000000c T vramAlloc
0010525c 00000090 T vramFree
001052ec 00000024 t addrMapNodeComparator(rbtree_node const*, rbtree_node const*)
00105310 00000004 t addrMapNodeDestructor(rbtree_node*)
00105314 00000120 T linearMemAlign
00105434 00000008 T linearAlloc
0010543c 0000005c T linearFree
00105498 00000080 T MemPool::CoalesceRight(MemBlock*)
00105518 0000016c T MemPool::Allocate(MemChunk&, unsigned long, int)
00105684 000000fc T MemPool::Deallocate(MemChunk const&)
00105780 00000030 T MemPool::GetFreeSpace()
001057b0 0000000c T __sync_init
001057bc 00000018 T __sync_fini
001057d4 0000002c T syncArbitrateAddress
00105800 000000b0 T LightLock_Lock
001058b0 00000040 T LightLock_Unlock
001058f0 00000024 T RecursiveLock_Init
00105914 00000030 T RecursiveLock_Lock
00105944 00000054 T RecursiveLock_Unlock
00105998 00000040 T LightEvent_Init
001059d8 000000a4 T LightEvent_Clear
00105a7c 000000c8 T LightEvent_Signal
00105b44 00000050 T LightEvent_TryWait
00105b94 000000b0 T LightEvent_Wait
00105c44 00000130 T srvInit
00105d74 00000058 T srvExit
00105dcc 000000a0 T srvGetServiceHandleDirect
00105e6c 00000038 T srvGetServiceHandle
00105ea4 00000038 T srvPublishToSubscriber
00105edc 00000178 T threadCreate
00106054 0000002c T threadFree
00106080 00000024 T threadJoin
001060a4 00000030 T threadGetCurrent
001060d4 00000040 T threadExit
00106114 00000020 t _thread_begin
00106134 000000b4 t mappableFindAddressWithin
001061e8 00000028 T mappableInit
00106210 00000080 T mappableAlloc
00106290 00000004 T mappableFree
00106294 00000164 T irrstInit
001063f8 000000cc T irrstExit
001064c4 000000b4 T irrstScanInput
00106578 00000024 T irrstKeysHeld
0010659c 00000008 W aptDspSleep
001065a4 00000004 W aptDspWakeup
001065a8 00000004 W aptDspCancel
001065ac 00000158 T aptSendCommand
00106708 00000044 t aptExitProcess
0010674c 000002f4 T aptExit
00106a40 00000084 T APT_SleepIfShellClosed
00106ac4 00000084 T APT_UnlockTransition
00106b48 000004a4 t aptEventHandler
00106fec 000000b0 T APT_ReceiveParameter
0010709c 000000b0 t aptReceiveParameter.constprop.0
0010714c 00000344 t aptWaitForWakeUp.isra.0
00107490 0000022c T aptInit
001076bc 0000007c T APT_CheckNew3DS
00107738 0000000c T srvPmGetSessionHandle
00107744 00000010 T rbtree_init
00107754 000001b4 t do_insert
00107908 00000008 T rbtree_insert
00107910 00000090 T rbtree_rotate
001079a0 00000318 T rbtree_remove
00107cb8 00000074 T rbtree_find
00107d2c 00000030 W __appInit
00107d5c 00000030 T __syscall_getreent
00107d8c 00000004 T __syscall_lock_acquire
00107d90 00000004 T __syscall_lock_release
00107d94 00000004 T __syscall_lock_init_recursive
00107d98 00000004 T __syscall_lock_acquire_recursive
00107d9c 00000004 T __syscall_lock_release_recursive
00107da0 00000004 T __syscall_exit
00107da4 00000050 T initThreadVars
00107df4 00000068 T __system_initSyscalls
00107e60 000001e0 W __system_allocateHeaps
00108040 00000030 W __appExit
00108070 00000038 W __libctru_init
001080a8 00000090 W __libctru_exit
00108138 00000084 W envGetHandle
001081bc 00000050 W envDestroyHandles
0010820c 00000034 T __ctru_speedup_config
00108240 00000014 t archive_link
00108254 00000014 t archive_dirreset
00108268 00000014 t archive_chmod
0010827c 00000024 t error_cmp
001082a0 00000050 t archive_translate_error
001082f0 000000c8 t archive_seek
001083b8 0000007c t _archiveInit.part.0
00108434 000000c4 t archiveFindDevice.part.0
001084f8 0000025c t archive_utf16path
00108754 000000a0 t _archiveUnmountDeviceStruct.part.0
001087f4 00000014 t archive_fchmod
00108808 00000014 t archive_statvfs
0010881c 00000164 t _archiveMountDevice
00108980 000000e8 t archive_diropen
00108a68 000000a4 t archive_fstat
00108b0c 0000006c t archive_close
00108b78 0000006c t archive_fsync
00108be4 00000070 t archive_dirclose
00108c54 000000e8 t sdmc_statvfs
00108d3c 000000ec t archive_chdir
00108e28 0000007c t archive_ftruncate
00108ea4 000000ac t archive_read
00108f50 000000a4 t archive_unlink
00108ff4 000000bc t archive_rmdir
001090b0 000000dc t archive_mkdir
0010918c 0000019c t archive_stat
00109328 0000015c t archive_dirnext
00109484 000000ec t archive_write
00109570 000001d4 t archive_open
00109744 00000278 t archive_rename
001099bc 0000019c T archiveMountSdmc
00109b58 00000054 T archiveUnmountAll
00109bac 00000074 T ptmSysmInit
00109c20 0000003c T ptmSysmExit
00109c5c 00000034 T PTMSYSM_ConfigureNew3DSCPU
00109c90 000000cc T fsInit
00109d5c 0000003c T fsExit
00109d98 00000060 T fsExemptFromSession
00109df8 00000050 T fsUnexemptFromSession
00109e48 000000cc T FSUSER_OpenFile
00109f14 000000bc T FSUSER_DeleteFile
00109fd0 000000f8 T FSUSER_RenameFile
0010a0c8 000000bc T FSUSER_DeleteDirectory
0010a184 000000d4 T FSUSER_CreateFile
0010a258 000000c4 T FSUSER_CreateDirectory
0010a31c 000000f8 T FSUSER_RenameDirectory
0010a414 000000b4 T FSUSER_OpenDirectory
0010a4c8 00000098 T FSUSER_OpenArchive
0010a560 0000008c T FSUSER_CloseArchive
0010a5ec 00000074 T FSUSER_GetSdmcArchiveResource
0010a660 00000064 T FSUSER_IsSdmcWritable
0010a6c4 00000058 T FSFILE_Read
0010a71c 00000060 T FSFILE_Write
0010a77c 0000003c T FSFILE_GetSize
0010a7b8 00000028 T FSFILE_SetSize
0010a7e0 0000003c T FSFILE_Close
0010a81c 00000024 T FSFILE_Flush
0010a840 00000050 T FSDIR_Read
0010a890 0000003c T FSDIR_Close
0010a8cc 0000005c T rbtree_node_next
0010a928 000000e8 T utf16_to_utf8
0010aa10 00000064 T decode_utf16
0010aa74 0000013c T decode_utf8
0010abb0 000000c0 T utf8_to_utf16
0010ac70 T __aeabi_read_tp
0010ac7c 00000054 T encode_utf16
0010acd0 000000e0 T encode_utf8
0010adb0 000000c0 T cos
0010ae70 000000c8 T sin
0010af38 00000058 T sqrt
0010af90 00000308 T __ieee754_rem_pio2
0010b298 00000008 T __ieee754_sqrt
0010b2a0 00000158 T __kernel_cos
0010b3f8 000008c0 T __kernel_rem_pio2
0010bcb8 000000c0 T __kernel_sin
0010bd78 00000014 T fabs
0010bd90 00000144 T floor
0010bed8 00000140 T scalbn
0010c018 00000120 T __udivmoddi4
0010c138 00000078 T bsearch
0010c1b0 0000000c T __errno
0010c1bc 00000034 T exit
0010c1f0 00000234 T __sflush_r
0010c424 00000094 T _fflush_r
0010c4b8 0000000c T _cleanup_r
0010c4c4 00000184 T __sinit
0010c648 0000000c T __sfp_lock_acquire
0010c654 0000000c T __sfp_lock_release
0010c660 0000003c T __libc_fini_array
0010c69c 000000f8 T _malloc_trim_r
0010c794 000002e8 T _free_r
0010ca7c 00000070 T _fwalk_reent
0010caec 00000084 T __libc_init_array
0010cb70 00000020 T memalign
0010cb90 0000014c T _memalign_r
0010ccdc 00000018 T malloc
0010ccf4 00000018 T free
0010cd0c 000007e4 T _malloc_r
0010d4f0 000000e4 T memchr
0010d5d4 00000118 T memcpy
0010d6ec 000000f4 T memset
0010d7e0 0000000c T __malloc_lock
0010d7ec 0000000c T __malloc_unlock
0010d7f8 00000034 T printf
0010d82c 0000025c T setvbuf
0010da88 00000074 T sscanf
0010dafc 00000044 T __sread
0010db40 00000008 T __seofread
0010db48 00000068 T __swrite
0010dbb0 00000044 T __sseek
0010dbf4 00000008 T __sclose
0010dbfc 0000005c T strlen
0010dc58 000000e4 T strncat
0010dd3c 000000e4 T strncmp
0010de20 000000c4 T strncpy
0010dee4 00000048 T strnlen
0010df2c 000001c4 t _strtoul_l.constprop.0
0010e0f0 00000004 T _strtoul_r
0010e0f4 00000028 T strtoul
0010e11c 00000050 t get_arg
0010e16c 00002c38 T __ssvfscanf_r
00110da4 0000066c t get_arg
00111410 0000339c T _vfprintf_r
001147ac 000000d0 t __sbprintf
0011487c 00000054 T _wcrtomb_r
001148d0 00000028 T _wcsrtombs_r
001148f8 0000013c T __swsetup_r
00114a34 00000114 T __call_exitprocs
00114b48 000001b0 t quorem
00114cf8 000011f8 T _dtoa_r
00115ef0 0000015c T _fclose_r
0011604c 00000008 T iswspace
00116054 0000000c T _localeconv_r
00116060 00000010 T __locale_mb_cur_max
00116070 00000138 T __smakebuf_r
001161a8 0000008c T __swhatbuf_r
00116234 00000068 T _mbrtowc_r
0011629c 000002f8 T __utf8_mbtowc
00116594 00000088 T _Balloc
0011661c 0000001c T _Bfree
00116638 000000f4 T __multadd
0011672c 00000110 T __s2b
0011683c 00000060 T __hi0bits
0011689c 0000009c T __lo0bits
00116938 000000a8 T __i2b
001169e0 00000204 T __multiply
00116be4 00000124 T __pow5mult
00116d08 00000140 T __lshift
00116e48 00000058 T __mcmp
00116ea0 000001ec T __mdiff
0011708c 00000068 T __ulp
001170f4 000000d0 T __b2d
001171c4 00000120 T __d2b
001172e4 00000078 T __ratio
0011735c 00000088 T __copybits
001173e4 0000005c T __any_on
00117440 00000020 T realloc
00117460 000004a0 T _realloc_r
00117900 000000f4 T __sccl
001179f4 0000000c T nanf
00117a00 00000088 T frexp
00117a88 00000064 T sprintf
00117aec 000000cc T stpncpy
00117bb8 00000130 T strchr
00117ce8 00000064 t sulp
00117d50 000013a8 T _strtod_l
001190f8 0000000c T _strtod_r
00119104 0000022c t _strtoll_l.constprop.0
00119330 00000004 T _strtoll_r
00119334 000001a4 t _strtol_l.part.0
001194d8 0000003c T _strtol_r
00119514 00000244 t _strtoull_l.constprop.0
00119758 00000004 T _strtoull_r
0011975c 00000188 T __ssprint_r
001198e4 000000d4 T _sungetc_r
001199b8 0000006c T __ssrefill_r
00119a24 000000c4 T _sfread_r
00119ae8 0000066c t get_arg
0011a158 00003334 T _svfprintf_r
0011d48c 000000a8 T __submore
0011d534 0000066c t get_arg
0011dba0 00000030 T __sprint_r
0011dbd0 000022ec T _vfiprintf_r
0011febc 000000d0 t __sbprintf
0011ff8c 00000188 T _wcsnrtombs_l
00120114 0000004c T _wcsnrtombs_r
00120160 000000f0 T __utf8_wctomb
00120250 0000005c T __assert_func
001202ac 000000c0 T _calloc_r
0012036c 0000003c T fiprintf
001203a8 000004b4 T __sfvwrite_r
0012085c 000000f0 t rshift
0012094c 00000814 T __gethex
00121160 0000004c T __match
001211ac 0000029c T __hexnan
00121448 0000003c T iswspace_l
00121484 000001d8 t __jp2uc
0012165c 0000009c T _jp2uc_l
001216f8 00000150 T memmove
00121848 00000010 T nan
00121858 00000014 T abort
0012186c 0000008c T category
001218f8 00000090 T _raise_r
00121988 00000018 T raise
001219a0 00000008 t null_write
001219a8 00000018 T setDefaultDevice
001219c0 000000c8 T FindDevice
00121a88 00000028 T RemoveDevice
00121ab0 0000009c T AddDevice
00121b4c 00000020 T GetDeviceOpTab
00121b6c 00000078 T _fstat_r
00121be4 00000014 T _getpid_r
00121bf8 00000008 T _isatty_r
00121c00 00000014 T _kill_r
00121c14 00000084 T _lseek_r
00121c98 00000080 T _read_r
00121d18 00000078 T _sbrk_r
00121d90 00000080 T _write_r
00121e10 00000020 T _exit
00121e30 000001a4 T _concatenate_path
00121fd4 00000140 T chdir
00122114 00000008 T __flockfile
0012211c 00000008 T __funlockfile
00122124 0000003c T __get_handle
00122160 000000f4 T _close_r
00122254 0000002c T __getreent
00122280 0000001c T __libc_lock_acquire
0012229c 0000001c T __libc_lock_release
001222b8 0000001c T __libc_lock_init_recursive
001222d4 0000001c T __libc_lock_acquire_recursive
001222f0 0000001c T __libc_lock_release_recursive
0012230c 0000001c T __libc_lock_close_recursive
00122328 00000038 T __aeabi_d2lz
00122328 00000038 T __fixdfdi
00122360 00000040 T __aeabi_d2ulz
00122360 00000040 T __fixunsdfdi
001223a0 00000048 T strrchr
001223e8 T _fini
00123104 00000070 r dotab_stdout
00123174 00000018 r grayScale
0012318c 00000006 r colorCube
00123194 00000030 r colorTable
001231f4 R default_font_bin
001239f4 R default_font_bin_end
00123a1c 00000008 r s_sleepWakeEvents.4
00123a38 00000030 r error_table
00123a70 00000070 r archive_devoptab
00123af4 00000080 r npio2_hw
00123b74 00000108 r two_over_pi
00123c80 00000040 r PIo2
00123cc0 00000010 r init_jk
00123cd0 00000004 R _global_impure_ptr
00123cdc 00000022 r basefix.0
00123d3c 00000010 r zeroes.0
00123d4c 00000010 r blanks.1
00123d5c 00000101 R _ctype_
00123e70 r .LC2
00123f64 0000000c r p05.0
00123f70 00000028 R __mprec_bigtens
00123f98 000000c8 R __mprec_tens
00124070 00000014 r fpinan.0
00124084 00000014 r fpi.1
00124098 00000028 r tinytens
001240c0 0000006c R __action_table
0012412c 0000006c R __state_table
00124198 00000100 R __chclass
00124298 00000010 r zeroes.0
001242a8 00000010 r blanks.1
001242b8 00000010 r zeroes.0
001242c8 00000010 r blanks.1
00124368 00000100 R __hexdig
0012447c 00001a7c r d02f4
00125ef8 0000172a r b02cf
00127624 00000040 r a8
00127664 000000a2 r a7
00127708 00000070 r a6
00127778 0000005b r a3
001277d4 000000bc r a2
00127890 000000bc r a1
0012794c 00003528 r categories
0012ae74 00000070 R dotab_stdnull
0012aee4 R __tdata_align
0012aee8 r 
0012aee8 R __exidx_end
0012aee8 R __exidx_start
0012b000 00000410 D loadWalls
0012b410 000000f0 D loadSectors
0012b500 00000001 d firstConsoleInit.0
0012b504 00000004 D currentConsole
0012b508 00000048 D defaultConsole
0012b550 00000004 d kCount
0012b554 00000004 d kInterval
0012b558 00000004 d kDelay
0012b55c W __stacksize__
0012b560 00000004 D _impure_ptr
0012b568 00000460 d impure_data
0012b9c8 00000004 D __malloc_sbrk_base
0012b9cc 00000004 D __malloc_trim_threshold
0012b9d0 00000408 D __malloc_av_
0012bdd8 0000016c D __global_locale
0012bf44 0000008c D devoptab_list
0012bfd0 00000004 d defaultDevice
0012bfd4 00000400 d _current_working_directory
0012c3d4 00001000 d handles
0012d3d4 0000000c d __stderr_handle
0012d3e0 0000000c d __stdout_handle
0012d3ec 0000000c d __stdin_handle
0012d400 d _GLOBAL_OFFSET_TABLE_
0012d40c d __frame_dummy_init_array_entry
0012d40c D __init_array_start
0012d40c B __preinit_array_end
0012d40c B __preinit_array_start
0012d40c D __tdata_lma
0012d40c D __tdata_lma_end
0012d410 d __do_global_dtors_aux_fini_array_entry
0012d410 D __fini_array_start
0012d410 D __init_array_end
0012d414 D __bss_start__
0012d414 D __fini_array_end
0012d414 b completed.1
0012d418 b object.0
0012d430 00027d80 B S
001551b0 000007d0 B W
00155980 00000014 B P
00155994 00000b40 B M
001564d4 00000048 B currentCopy
0015651c 00000004 b screenAlloc
00156520 00000004 b screenFree
00156524 00000002 b gfxIsDoubleBuf
00156528 00000002 b gfxCurBuf
0015652a 00000001 b gfxIsVram
0015652b 00000001 b gfxTopMode
0015652c 00000002 b gfxFramebufferFormats
00156530 00000004 b gfxBottomFramebufferMaxSize
00156534 00000004 b gfxTopFramebufferMaxSize
00156538 00000008 b gfxBottomFramebuffers
00156540 00000008 b gfxTopFramebuffers
00156548 00000007 b gspEventCbOneShot
00156550 0000001c b gspEventCbData
0015656c 0000001c b gspEventCb
00156588 00000038 b gspEvents
001565c0 00000004 b gspLastEvent
001565c4 00000001 b gspRunEvents
001565c8 00000004 b gspEventThread
001565cc 00000004 b gspEvent
001565d0 00000001 b gspGpuRight
001565d1 00000001 b gspThreadId
001565d4 00000004 b gspSharedMem
001565d8 00000004 b gspSharedMemHandle
001565dc 00000004 b gspRefCount
001565e0 00000004 b gspGpuHandle
001565e4 00000001 b usingIrrst
001565e8 00000004 b hidRefCount
001565ec 00000006 b gRate
001565f4 00000006 b aVec
001565fc 00000004 b cPos
00156600 00000004 b tPos
00156604 00000004 b kRepeat
00156608 00000004 b kUp
0015660c 00000004 b kDown
00156610 00000004 b kHeld
00156614 00000004 b kOld
00156618 00000004 B hidSharedMem
0015661c 00000014 B hidEvents
00156630 00000004 B hidMemHandle
00156634 00000004 B hidHandle
00156638 00000004 B __system_argv
0015663c 00000004 B __system_argc
00156640 b saved_stack
00156648 00000008 b sVramPoolB
00156650 00000008 b sVramPoolA
00156658 0000000c b sAddrMap
00156668 00000008 b sLinearPool
00156670 0000000c b sAddrMap
0015667c 00000004 b arbiter
00156680 00000004 B __3dslink_host
00156684 00000004 b srvRefCount
00156688 00000004 b srvHandle
0015668c 00000004 b currentAddr
00156690 00000004 b maxAddr
00156694 00000004 b minAddr
00156698 00000004 b irrstRefCount
0015669c 00000004 b csPos
001566a0 00000004 b kHeld
001566a4 00000004 B irrstSharedMem
001566a8 00000004 B irrstEvent
001566ac 00000004 B irrstMemHandle
001566b0 00000004 B irrstHandle
001566b4 00000001 b flagValue.0
001566b5 00000001 b flagInit.1
001566b8 00000004 b serviceName.6
001566bc 00000001 b aptChainloadMediatype
001566c0 00000008 b aptChainloadTid
001566c8 00000001 b aptChainloadFlags
001566cc 00001000 b aptParameters
001576cc 00000004 b aptFlags
001576d0 00000001 b aptHomeButtonState
001576d4 00000004 b aptMessageFuncData
001576d8 00000004 b aptMessageFunc
001576dc 0000000c b aptFirstHook
001576e8 00000001 b aptEventHandlerThreadQuit
001576ec 00000004 b aptEventHandlerThread
001576f0 00000008 b aptSleepEvent
001576f8 00000008 b aptReceiveEvent
00157700 00000008 b aptEvents
00157708 00000004 b aptLockHandle
0015770c 00000004 b aptRefCount
00157710 00000004 b srvPmHandle
00157714 00000004 V __ctru_linear_heap_size
00157718 00000004 V __ctru_heap_size
0015771c 00000004 B __ctru_linear_heap
00157720 00000004 B __ctru_heap
00157724 00000004 B __system_retAddr
00157728 00000001 V __ctru_speedup
00157730 00000540 b archive_devices
00157c70 00000004 b archive_device_cwd
00157c74 00000001 b archive_initialized
00157c78 00000004 b ptmSysmRefCount
00157c7c 00000004 b ptmSysmHandle
00157c80 00000080 b fsExemptArchives
00157d00 00000004 b fsuRefCount
00157d04 00000004 b fsuHandle
00157d08 0000000c b __sinit_recursive_mutex
00157d14 0000000c b __sfp_recursive_mutex
00157d20 00000028 B __malloc_current_mallinfo
00157d48 00000004 B __malloc_max_total_mem
00157d4c 00000004 B __malloc_max_sbrked_mem
00157d50 00000004 B __malloc_top_pad
00157d54 0000000c b __malloc_recursive_mutex
00157d60 0000000c B __atexit_recursive_mutex
00157d6c 00000004 b heap_start.0
00157d70 00000004 B fake_heap_start
00157d74 00000004 B fake_heap_end
00157d78 00000400 b temp_cwd
00158178 00000004 b __hndl_lock
0015817c B __tls_start
00158d84 B __bss_end__
00158d84 A __end__
00158d84 B __tls_end
