         w __deregister_frame_info
         w __register_frame_info
         w userAppExit
         w userAppInit
00000000 00000802 B __ctru_dev_utf16_buf
00000000 b _TLS_MODULE_BASE_
00000000 a shift
00000804 00000401 B __ctru_dev_path_buf
00100000 A __start__
00100000 T _start
00100008 T __service_ptr
0010000c T __apt_appid
00100010 T __heap_size
00100014 T __linear_heap_size
00100018 T __system_arglist
0010001c T __system_runflags
00100020 t startup
00100058 t ClearMem
0010006c t ClrLoop
00100094 T _init
001000ac 00000004 W __aeabi_idiv0
001000ac 00000004 W __aeabi_ldiv0
001000c8 00000390 T strcmp
00100450 t .udivsi3_skip_div0_test
00100450 T __aeabi_uidiv
00100450 000001ec T __udivsi3
0010063c 00000020 T __aeabi_uidivmod
0010065c t __do_global_dtors_aux
0010069c t frame_dummy
001006c8 00000084 T main
0010074c 000000d0 t gfxPresentFramebuffer
0010081c 000000ec T gfxSetScreenFormat
00100908 000000e0 T gfxInit
001009e8 00000010 T gfxInitDefault
001009f8 000000b4 T gfxExit
00100aac 000000a0 T gfxGetFramebuffer
00100b4c 00000104 T gfxFlushBuffers
00100c50 00000050 T gfxSwapBuffers
00100ca0 00000c58 t gspHardwareInit
001018f8 00000248 T gspInit
00101b40 000000f0 T gspExit
00101c30 00000010 T gspHasGpuRight
00101c40 000000a0 T gspPresentBuffer
00101ce0 00000044 T gspWaitForEvent
00101d24 00000004 W gxCmdQueueInterrupt
00101d28 00000158 t gspEventThreadMain
00101e80 00000050 T GSPGPU_FlushDataCache
00101ed0 00000034 T GSPGPU_SetLcdForceBlack
00101f04 00000068 T GSPGPU_AcquireRight
00101f6c 00000048 T GSPGPU_ReleaseRight
00101fb4 0000007c T GSPGPU_ImportDisplayCaptureInfo
00102030 0000002c T GSPGPU_SaveVramSysArea
0010205c 0000002c T GSPGPU_RestoreVramSysArea
00102088 000001a4 t aptConvertScreenForCapture
0010222c 00000008 W aptDspSleep
00102234 00000004 W aptDspWakeup
00102238 00000004 W aptDspCancel
0010223c 00000158 T aptSendCommand
00102398 00000044 t aptExitProcess
001023dc 000002f4 T aptExit
001026d0 000000e0 T aptHandleSleep
001027b0 00000084 T APT_SleepIfShellClosed
00102834 00000084 T aptSetSleepAllowed
001028b8 00000084 T APT_UnlockTransition
00102940 000004a4 t aptEventHandler
00102de4 000000b0 T APT_ReceiveParameter
00102e94 000000b0 t aptReceiveParameter.constprop.0
00102f48 000002ac t aptScreenTransfer
001031f4 00000344 t aptWaitForWakeUp.isra.0
00103538 00000100 T aptJumpToHomeMenu
00103638 00000048 T aptMainLoop
00103680 0000022c T aptInit
001038ac 0000007c T APT_CheckNew3DS
00103928 00000024 W hidShouldUseIrrst
0010394c 0000018c T hidInit
00103ad8 000000e8 T hidExit
00103bc0 000002a4 T hidScanInput
00103e64 00000010 T hidKeysDown
00103e74 00000038 W __libctru_init
00103eac 00000170 W __system_initArgv
0010401c T svcControlMemory
0010403c T svcQueryMemory
0010406c T svcExitProcess
00104074 T svcCreateThread
00104094 T svcExitThread
0010409c T svcSleepThread
001040a4 T svcReleaseMutex
001040ac T svcCreateEvent
001040c0 T svcSignalEvent
001040c8 T svcClearEvent
001040d0 T svcMapMemoryBlock
001040d8 T svcUnmapMemoryBlock
001040e0 T svcCreateAddressArbiter
001040f4 T svcArbitrateAddressNoTimeout
001040fc T svcCloseHandle
00104104 T svcWaitSynchronization
0010410c T svcWaitSynchronizationN
00104134 T svcDuplicateHandle
00104148 T svcConnectToPort
0010415c T svcSendSyncRequest
00104164 T svcGetResourceLimit
00104178 T svcGetResourceLimitLimitValues
00104180 T svcGetResourceLimitCurrentValues
00104188 T svcBreak
00104190 W initSystem
001041e0 W __ctru_exit
001041f8 00000024 t addrMapNodeComparator(rbtree_node const*, rbtree_node const*)
0010421c 00000004 t addrMapNodeDestructor(rbtree_node*)
00104220 00000250 T vramMemAlignAt
00104470 0000000c T vramAlloc
0010447c 00000090 T vramFree
0010450c 00000024 t addrMapNodeComparator(rbtree_node const*, rbtree_node const*)
00104530 00000004 t addrMapNodeDestructor(rbtree_node*)
00104534 00000120 T linearMemAlign
00104654 00000008 T linearAlloc
0010465c 0000005c T linearFree
001046b8 00000080 T MemPool::CoalesceRight(MemBlock*)
00104738 0000016c T MemPool::Allocate(MemChunk&, unsigned long, int)
001048a4 000000fc T MemPool::Deallocate(MemChunk const&)
001049a0 00000030 T MemPool::GetFreeSpace()
001049d0 0000000c T __sync_init
001049dc 00000018 T __sync_fini
001049f4 0000002c T syncArbitrateAddress
00104a20 000000b0 T LightLock_Lock
00104ad0 00000030 T RecursiveLock_Lock
00104b00 00000054 T RecursiveLock_Unlock
00104b54 00000040 T LightEvent_Init
00104b94 000000a4 T LightEvent_Clear
00104c38 000000c8 T LightEvent_Signal
00104d00 00000050 T LightEvent_TryWait
00104d50 000000b0 T LightEvent_Wait
00104e00 00000034 T __ctru_speedup_config
00104e34 00000130 T srvInit
00104f64 00000058 T srvExit
00104fbc 000000a0 T srvGetServiceHandleDirect
0010505c 00000038 T srvGetServiceHandle
00105094 00000038 T srvPublishToSubscriber
001050cc 00000178 T threadCreate
00105244 0000002c T threadFree
00105270 00000024 T threadJoin
00105294 00000030 T threadGetCurrent
001052c4 00000040 T threadExit
00105304 00000020 t _thread_begin
00105324 000000b4 t mappableFindAddressWithin
001053d8 00000028 T mappableInit
00105400 00000080 T mappableAlloc
00105480 00000004 T mappableFree
00105484 00000164 T irrstInit
001055e8 000000cc T irrstExit
001056b4 000000b4 T irrstScanInput
00105768 00000024 T irrstKeysHeld
0010578c 0000000c T srvPmGetSessionHandle
00105798 00000074 T ptmSysmInit
0010580c 0000003c T ptmSysmExit
00105848 00000034 T PTMSYSM_ConfigureNew3DSCPU
0010587c 00000010 T rbtree_init
0010588c 000001b4 t do_insert
00105a40 00000008 T rbtree_insert
00105a48 00000090 T rbtree_rotate
00105ad8 00000318 T rbtree_remove
00105df0 00000074 T rbtree_find
00105e64 00000030 W __appInit
00105e94 00000030 T __syscall_getreent
00105ec4 00000004 T __syscall_lock_acquire_recursive
00105ec8 00000004 T __syscall_lock_release_recursive
00105ecc 00000004 T __syscall_exit
00105ed0 00000050 T initThreadVars
00105f20 00000068 T __system_initSyscalls
00105f88 000001e0 W __system_allocateHeaps
00106168 00000030 W __appExit
00106198 00000090 W __libctru_exit
00106228 00000084 W envGetHandle
001062ac 00000050 W envDestroyHandles
001062fc 00000014 t archive_link
00106310 00000014 t archive_dirreset
00106324 00000014 t archive_chmod
00106338 00000024 t error_cmp
0010635c 00000050 t archive_translate_error
001063ac 000000c8 t archive_seek
00106474 0000007c t _archiveInit.part.0
001064f0 000000c4 t archiveFindDevice.part.0
001065b4 0000025c t archive_utf16path
00106810 000000a0 t _archiveUnmountDeviceStruct.part.0
001068b0 00000014 t archive_fchmod
001068c4 00000014 t archive_statvfs
001068d8 00000164 t _archiveMountDevice
00106a3c 000000e8 t archive_diropen
00106b24 000000a4 t archive_fstat
00106bc8 0000006c t archive_close
00106c34 0000006c t archive_fsync
00106ca0 00000070 t archive_dirclose
00106d10 000000e8 t sdmc_statvfs
00106df8 000000ec t archive_chdir
00106ee4 0000007c t archive_ftruncate
00106f60 000000ac t archive_read
0010700c 000000a4 t archive_unlink
001070b0 000000bc t archive_rmdir
0010716c 000000dc t archive_mkdir
00107248 0000019c t archive_stat
001073e4 0000015c t archive_dirnext
00107540 000000ec t archive_write
0010762c 000001d4 t archive_open
00107800 00000278 t archive_rename
00107a78 0000019c T archiveMountSdmc
00107c14 00000054 T archiveUnmountAll
00107c68 000000cc T fsInit
00107d34 0000003c T fsExit
00107d70 00000060 T fsExemptFromSession
00107dd0 00000050 T fsUnexemptFromSession
00107e20 000000cc T FSUSER_OpenFile
00107eec 000000bc T FSUSER_DeleteFile
00107fa8 000000f8 T FSUSER_RenameFile
001080a0 000000bc T FSUSER_DeleteDirectory
0010815c 000000d4 T FSUSER_CreateFile
00108230 000000c4 T FSUSER_CreateDirectory
001082f4 000000f8 T FSUSER_RenameDirectory
001083ec 000000b4 T FSUSER_OpenDirectory
001084a0 00000098 T FSUSER_OpenArchive
00108538 0000008c T FSUSER_CloseArchive
001085c4 00000074 T FSUSER_GetSdmcArchiveResource
00108638 00000064 T FSUSER_IsSdmcWritable
0010869c 00000058 T FSFILE_Read
001086f4 00000060 T FSFILE_Write
00108754 0000003c T FSFILE_GetSize
00108790 00000028 T FSFILE_SetSize
001087b8 0000003c T FSFILE_Close
001087f4 00000024 T FSFILE_Flush
00108818 00000050 T FSDIR_Read
00108868 0000003c T FSDIR_Close
001088a4 0000005c T rbtree_node_next
00108900 000000e8 T utf16_to_utf8
001089e8 00000064 T decode_utf16
00108a4c 0000013c T decode_utf8
00108b88 000000c0 T utf8_to_utf16
00108c48 T __aeabi_read_tp
00108c54 00000054 T encode_utf16
00108ca8 000000e0 T encode_utf8
00108d88 00000078 T bsearch
00108e00 00000034 T exit
00108e34 0000003c T __libc_fini_array
00108e70 000000f8 T _malloc_trim_r
00108f68 000002e8 T _free_r
00109250 00000084 T __libc_init_array
001092d4 00000020 T memalign
001092f4 0000014c T _memalign_r
00109440 00000018 T malloc
00109458 00000018 T free
00109470 000007e4 T _malloc_r
00109c54 00000118 T memcpy
00109d6c 000000f4 T memset
00109e60 0000000c T __malloc_lock
00109e6c 0000000c T __malloc_unlock
00109e78 0000005c T strlen
00109ed4 000000e4 T strncat
00109fb8 000000e4 T strncmp
0010a09c 000000c4 T strncpy
0010a160 00000048 T strnlen
0010a1a8 000001c4 t _strtoul_l.constprop.0
0010a36c 00000028 T strtoul
0010a394 00000114 T __call_exitprocs
0010a4a8 00000008 t null_write
0010a4b0 00000018 T setDefaultDevice
0010a4c8 000000c8 T FindDevice
0010a590 00000028 T RemoveDevice
0010a5b8 0000009c T AddDevice
0010a654 00000020 T GetDeviceOpTab
0010a674 00000078 T _sbrk_r
0010a6ec 00000020 T _exit
0010a70c 000001a4 T _concatenate_path
0010a8b0 00000140 T chdir
0010a9f0 0000002c T __getreent
0010aa1c 0000001c T __libc_lock_acquire_recursive
0010aa38 0000001c T __libc_lock_release_recursive
0010aa54 00000130 T strchr
0010ab84 00000048 T strrchr
0010abcc T _fini
0010b034 00000008 r morton_y.2
0010b03c 00000008 r morton_x.3
0010b044 00000008 r s_sleepWakeEvents.4
0010b0a0 00000030 r error_table
0010b0d8 00000070 r archive_devoptab
0010b150 00000004 R _global_impure_ptr
0010b154 00000101 R _ctype_
0010b258 00000070 R dotab_stdnull
0010b2c8 R __tdata_align
0010b2cc r 
0010b2cc R __exidx_end
0010b2cc R __exidx_start
0010c000 00000004 d kCount
0010c004 00000004 d kInterval
0010c008 00000004 d kDelay
0010c00c W __stacksize__
0010c010 00000004 D _impure_ptr
0010c018 00000460 d impure_data
0010c478 00000004 D __malloc_sbrk_base
0010c47c 00000004 D __malloc_trim_threshold
0010c480 00000408 D __malloc_av_
0010c888 0000008c D devoptab_list
0010c914 00000004 d defaultDevice
0010c918 00000400 d _current_working_directory
0010cd20 d _GLOBAL_OFFSET_TABLE_
0010cd2c d __frame_dummy_init_array_entry
0010cd2c D __init_array_start
0010cd2c B __preinit_array_end
0010cd2c B __preinit_array_start
0010cd2c D __tdata_lma
0010cd2c D __tdata_lma_end
0010cd30 d __do_global_dtors_aux_fini_array_entry
0010cd30 D __fini_array_start
0010cd30 D __init_array_end
0010cd34 D __bss_start__
0010cd34 D __fini_array_end
0010cd34 b completed.1
0010cd38 b object.0
0010cd50 00000004 b screenAlloc
0010cd54 00000004 b screenFree
0010cd58 00000002 b gfxIsDoubleBuf
0010cd5c 00000002 b gfxCurBuf
0010cd5e 00000001 b gfxIsVram
0010cd5f 00000001 b gfxTopMode
0010cd60 00000002 b gfxFramebufferFormats
0010cd64 00000004 b gfxBottomFramebufferMaxSize
0010cd68 00000004 b gfxTopFramebufferMaxSize
0010cd70 00000008 b gfxBottomFramebuffers
0010cd78 00000008 b gfxTopFramebuffers
0010cd80 00000007 b gspEventCbOneShot
0010cd88 0000001c b gspEventCbData
0010cda4 0000001c b gspEventCb
0010cdc0 00000038 b gspEvents
0010cdf8 00000004 b gspLastEvent
0010cdfc 00000001 b gspRunEvents
0010ce00 00000004 b gspEventThread
0010ce04 00000004 b gspEvent
0010ce08 00000001 b gspGpuRight
0010ce09 00000001 b gspThreadId
0010ce0c 00000004 b gspSharedMem
0010ce10 00000004 b gspSharedMemHandle
0010ce14 00000004 b gspRefCount
0010ce18 00000004 b gspGpuHandle
0010ce1c 00000001 b flagValue.0
0010ce1d 00000001 b flagInit.1
0010ce20 00000004 b serviceName.6
0010ce24 00000001 b aptChainloadMediatype
0010ce28 00000008 b aptChainloadTid
0010ce30 00000001 b aptChainloadFlags
0010ce34 00001000 b aptParameters
0010de34 00000004 b aptFlags
0010de38 00000001 b aptHomeButtonState
0010de3c 00000004 b aptMessageFuncData
0010de40 00000004 b aptMessageFunc
0010de44 0000000c b aptFirstHook
0010de50 00000001 b aptEventHandlerThreadQuit
0010de54 00000004 b aptEventHandlerThread
0010de58 00000008 b aptSleepEvent
0010de60 00000008 b aptReceiveEvent
0010de68 00000008 b aptEvents
0010de70 00000004 b aptLockHandle
0010de74 00000004 b aptRefCount
0010de78 00000001 b usingIrrst
0010de7c 00000004 b hidRefCount
0010de80 00000006 b gRate
0010de88 00000006 b aVec
0010de90 00000004 b cPos
0010de94 00000004 b tPos
0010de98 00000004 b kRepeat
0010de9c 00000004 b kUp
0010dea0 00000004 b kDown
0010dea4 00000004 b kHeld
0010dea8 00000004 b kOld
0010deac 00000004 B hidSharedMem
0010deb0 00000014 B hidEvents
0010dec4 00000004 B hidMemHandle
0010dec8 00000004 B hidHandle
0010decc 00000004 B __system_retAddr
0010ded0 00000004 B __system_argv
0010ded4 00000004 B __system_argc
0010ded8 b saved_stack
0010dee0 00000008 b sVramPoolB
0010dee8 00000008 b sVramPoolA
0010def0 0000000c b sAddrMap
0010df00 00000008 b sLinearPool
0010df08 0000000c b sAddrMap
0010df14 00000004 b arbiter
0010df18 00000001 V __ctru_speedup
0010df1c 00000004 B __3dslink_host
0010df20 00000004 b srvRefCount
0010df24 00000004 b srvHandle
0010df28 00000004 b currentAddr
0010df2c 00000004 b maxAddr
0010df30 00000004 b minAddr
0010df34 00000004 b irrstRefCount
0010df38 00000004 b csPos
0010df3c 00000004 b kHeld
0010df40 00000004 B irrstSharedMem
0010df44 00000004 B irrstEvent
0010df48 00000004 B irrstMemHandle
0010df4c 00000004 B irrstHandle
0010df50 00000004 b srvPmHandle
0010df54 00000004 b ptmSysmRefCount
0010df58 00000004 b ptmSysmHandle
0010df5c 00000004 V __ctru_linear_heap_size
0010df60 00000004 V __ctru_heap_size
0010df64 00000004 B __ctru_linear_heap
0010df68 00000004 B __ctru_heap
0010df70 00000540 b archive_devices
0010e4b0 00000004 b archive_device_cwd
0010e4b4 00000001 b archive_initialized
0010e4b8 00000080 b fsExemptArchives
0010e538 00000004 b fsuRefCount
0010e53c 00000004 b fsuHandle
0010e540 00000028 B __malloc_current_mallinfo
0010e568 00000004 B __malloc_max_total_mem
0010e56c 00000004 B __malloc_max_sbrked_mem
0010e570 00000004 B __malloc_top_pad
0010e574 0000000c b __malloc_recursive_mutex
0010e580 0000000c B __atexit_recursive_mutex
0010e58c 00000004 b heap_start.0
0010e590 00000004 B fake_heap_start
0010e594 00000004 B fake_heap_end
0010e598 00000400 b temp_cwd
0010e998 B __tls_start
0010f5a0 B __bss_end__
0010f5a0 A __end__
0010f5a0 B __tls_end
